<?xml version="1.0" encoding="UTF-8"?>
<!-- Generated by org.testng.reporters.JUnitReportReporter -->
<testsuite skipped="0" hostname="ip-172-31-23-119" name="testcases.LoginTest" tests="4" failures="0" timestamp="2022-03-19T04:12:10 UTC" time="18.264" errors="0">
  <testcase name="ParameterizedTest" time="4.410" classname="testcases.LoginTest"/>
  <system-out/>
  <testcase name="LoginSuccessTest" time="4.702" classname="testcases.LoginTest"/>
  <system-out/>
  <testcase name="ExternalDataTest" time="3.913" classname="testcases.LoginTest"/>
  <system-out/>
  <testcase name="LoginFailureTest" time="5.239" classname="testcases.LoginTest"/>
  <system-out/>
</testsuite> <!-- testcases.LoginTest -->
